<?xml version="1.0" encoding="UTF-8"?>
<!-- Generated by org.testng.reporters.JUnitReportReporter -->
<testsuite hostname="L135LTRV" failures="0" tests="8" name="qatarlivestock.testcases.HamburgerAddNomineeTest" time="313.962" errors="0" timestamp="2024-05-10T15:11:58 IST" skipped="0">
  <testcase classname="qatarlivestock.testcases.HamburgerAddNomineeTest" name="HamburgerVerification" time="131.940"/>
  <system-out/>
  <testcase classname="qatarlivestock.testcases.HamburgerAddNomineeTest" name="NomineeNameEmptyValidation" time="38.460"/>
  <system-out/>
  <testcase classname="qatarlivestock.testcases.HamburgerAddNomineeTest" name="NomineeNameInvalidValidation" time="16.597"/>
  <system-out/>
  <testcase classname="qatarlivestock.testcases.HamburgerAddNomineeTest" name="QidNumberEmptyValidation" time="7.110"/>
  <system-out/>
  <testcase classname="qatarlivestock.testcases.HamburgerAddNomineeTest" name="QidNumberInvalidValidation" time="22.708"/>
  <system-out/>
  <testcase classname="qatarlivestock.testcases.HamburgerAddNomineeTest" name="MobileNumberEmptyValidation" time="11.083"/>
  <system-out/>
  <testcase classname="qatarlivestock.testcases.HamburgerAddNomineeTest" name="MobileNumberInvalidValidation" time="17.655"/>
  <system-out/>
  <testcase classname="qatarlivestock.testcases.HamburgerAddNomineeTest" name="hamburgeAddingNomineeVerification" time="68.409"/>
  <system-out/>
</testsuite> <!-- qatarlivestock.testcases.HamburgerAddNomineeTest -->
