<?xml version="1.0" encoding="UTF-8"?>
<!-- Generated by org.testng.reporters.JUnitReportReporter -->
<testsuite hostname="L135LTRV" failures="0" tests="4" name="qatarlivestock.testcases.AnimalRequestsDetailsTest" time="25.998" errors="0" timestamp="2024-02-12T22:13:15 IST" skipped="0">
  <testcase classname="qatarlivestock.testcases.AnimalRequestsDetailsTest" name="Login" time="13.364"/>
  <system-out/>
  <testcase classname="qatarlivestock.testcases.AnimalRequestsDetailsTest" name="ClickTaggingModule" time="1.200"/>
  <system-out/>
  <testcase classname="qatarlivestock.testcases.AnimalRequestsDetailsTest" name="TaggingTitleVerification" time="2.050"/>
  <system-out/>
  <testcase classname="qatarlivestock.testcases.AnimalRequestsDetailsTest" name="TaggingRequestVerification" time="9.384"/>
  <system-out/>
</testsuite> <!-- qatarlivestock.testcases.AnimalRequestsDetailsTest -->
