<?xml version="1.0" encoding="UTF-8"?>
<!-- Generated by org.testng.reporters.JUnitReportReporter -->
<testsuite hostname="L135LTRV" failures="0" tests="7" name="qatarlivestock.testcases.LivestockHomeTest" time="61.364" errors="0" timestamp="2024-05-20T16:12:42 IST" skipped="0">
  <testcase classname="qatarlivestock.testcases.LivestockHomeTest" name="Login" time="46.761"/>
  <system-out/>
  <testcase classname="qatarlivestock.testcases.LivestockHomeTest" name="ClickPermissions" time="7.341"/>
  <system-out/>
  <testcase classname="qatarlivestock.testcases.LivestockHomeTest" name="ModuleVerification" time="1.119"/>
  <system-out/>
  <testcase classname="qatarlivestock.testcases.LivestockHomeTest" name="LivestockPageTitleVerification" time="0.427"/>
  <system-out/>
  <testcase classname="qatarlivestock.testcases.LivestockHomeTest" name="OwnerNameVerification" time="0.370"/>
  <system-out/>
  <testcase classname="qatarlivestock.testcases.LivestockHomeTest" name="AssociatedAnimalsVerification" time="3.663"/>
  <system-out/>
  <testcase classname="qatarlivestock.testcases.LivestockHomeTest" name="HambergerVerification" time="1.683"/>
  <system-out/>
</testsuite> <!-- qatarlivestock.testcases.LivestockHomeTest -->
