<?xml version="1.0" encoding="UTF-8"?>
<!-- Generated by org.testng.reporters.JUnitReportReporter -->
<testsuite hostname="L135LTRV" failures="0" tests="2" name="qatarlivestock.testcases1.HamburgerArabicRemoveeNomineeTest" time="78.682" errors="0" timestamp="2024-04-01T15:24:00 IST" skipped="0">
  <testcase classname="qatarlivestock.testcases1.HamburgerArabicRemoveeNomineeTest" name="HamburgerVerification" time="57.687"/>
  <system-out/>
  <testcase classname="qatarlivestock.testcases1.HamburgerArabicRemoveeNomineeTest" name="hamurgeRemoveNomineeVerification" time="20.995"/>
  <system-out/>
</testsuite> <!-- qatarlivestock.testcases1.HamburgerArabicRemoveeNomineeTest -->
