<?xml version="1.0" encoding="UTF-8"?>
<!-- Generated by org.testng.reporters.JUnitReportReporter -->
<testsuite hostname="L135LTRV" failures="0" tests="2" name="qatarlivestock.testcases.HamburgerRemoveNomineeTest" time="156.688" errors="0" timestamp="2024-05-10T15:23:34 IST" skipped="0">
  <testcase classname="qatarlivestock.testcases.HamburgerRemoveNomineeTest" name="HamburgerVerification" time="93.195"/>
  <system-out/>
  <testcase classname="qatarlivestock.testcases.HamburgerRemoveNomineeTest" name="hamurgeRemoveNomineeVerification" time="63.493"/>
  <system-out/>
</testsuite> <!-- qatarlivestock.testcases.HamburgerRemoveNomineeTest -->
