<?xml version="1.0" encoding="UTF-8"?>
<!-- Generated by org.testng.reporters.JUnitReportReporter -->
<testsuite hostname="L135LTRV" failures="0" tests="1" name="qatarlivestock.testcases.ScheduleAppointmentListingPageTest" time="72.708" errors="0" timestamp="2024-05-20T14:43:20 IST" skipped="0">
  <testcase classname="qatarlivestock.testcases.ScheduleAppointmentListingPageTest" name="SchedulePageTest" time="72.708"/>
  <system-out/>
</testsuite> <!-- qatarlivestock.testcases.ScheduleAppointmentListingPageTest -->
