<?xml version="1.0" encoding="UTF-8"?>
<!-- Generated by org.testng.reporters.JUnitReportReporter -->
<testsuite hostname="L135LTRV" failures="0" tests="4" name="PremiseRecordsTest" time="56.797" errors="0" timestamp="2024-01-16T12:52:32 IST" skipped="0">
  <testcase classname="PremiseRecordsTest" name="PremisePageTest" time="20.422"/>
  <system-out/>
  <testcase classname="PremiseRecordsTest" name="PremiseRecordsIconsverificationTest" time="2.355"/>
  <system-out/>
  <testcase classname="PremiseRecordsTest" name="PremiseRecordsIconverificationTest" time="9.836"/>
  <system-out/>
  <testcase classname="PremiseRecordsTest" name="PremiseRecordsPageDetailsTest" time="24.184"/>
  <system-out/>
</testsuite> <!-- PremiseRecordsTest -->
