<?xml version="1.0" encoding="UTF-8"?>
<!-- Generated by org.testng.reporters.JUnitReportReporter -->
<testsuite hostname="L135LTRV" failures="0" tests="2" name="qatarlivestock.testcases.LogoutArabicTest" time="44.016" errors="0" timestamp="2023-12-24T22:32:38 IST" skipped="0">
  <testcase classname="qatarlivestock.testcases.LogoutArabicTest" name="LogoutPageTest" time="23.463"/>
  <system-out/>
  <testcase classname="qatarlivestock.testcases.LogoutArabicTest" name="LogoutFuctionVerificationTest" time="20.553"/>
  <system-out/>
</testsuite> <!-- qatarlivestock.testcases.LogoutArabicTest -->
