<?xml version="1.0" encoding="UTF-8"?>
<!-- Generated by org.testng.reporters.JUnitReportReporter -->
<testsuite hostname="L135LTRV" failures="0" tests="4" name="qatarlivestock.testcases.AnimalTaggingTest" time="14.791" errors="0" timestamp="2024-01-02T12:17:09 IST" skipped="0">
  <testcase classname="qatarlivestock.testcases.AnimalTaggingTest" name="Login" time="11.120"/>
  <system-out/>
  <testcase classname="qatarlivestock.testcases.AnimalTaggingTest" name="ClickTaggingModule" time="0.428"/>
  <system-out/>
  <testcase classname="qatarlivestock.testcases.AnimalTaggingTest" name="TaggingTitleVerification" time="1.125"/>
  <system-out/>
  <testcase classname="qatarlivestock.testcases.AnimalTaggingTest" name="TaggingRequestsVerification" time="2.118"/>
  <system-out/>
</testsuite> <!-- qatarlivestock.testcases.AnimalTaggingTest -->
