<?xml version="1.0" encoding="UTF-8"?>
<!-- Generated by org.testng.reporters.JUnitReportReporter -->
<testsuite hostname="L135LTRV" failures="0" tests="5" name="qatarlivestock.testcases.HamburgerMenuArabicTest" time="138.532" errors="0" timestamp="2023-12-26T12:38:07 IST" skipped="0">
  <testcase classname="qatarlivestock.testcases.HamburgerMenuArabicTest" name="HamburgerVerification" time="26.971"/>
  <system-out/>
  <testcase classname="qatarlivestock.testcases.HamburgerMenuArabicTest" name="hamburgerElementsVerification" time="13.236"/>
  <system-out/>
  <testcase classname="qatarlivestock.testcases.HamburgerMenuArabicTest" name="hamurgerContactElementsVerification" time="9.170"/>
  <system-out/>
  <testcase classname="qatarlivestock.testcases.HamburgerMenuArabicTest" name="hamurgerAddNomineeVerification" time="73.476"/>
  <system-out/>
  <testcase classname="qatarlivestock.testcases.HamburgerMenuArabicTest" name="hamurgeRemoveNomineeVerification" time="15.679"/>
  <system-out/>
</testsuite> <!-- qatarlivestock.testcases.HamburgerMenuArabicTest -->
