<?xml version="1.0" encoding="UTF-8"?>
<!-- Generated by org.testng.reporters.JUnitReportReporter -->
<testsuite hostname="L135LTRV" failures="0" tests="2" name="qatarlivestock.testcases.CancelAppointmentTest" time="138.456" errors="0" timestamp="2024-05-21T15:39:57 IST" skipped="0">
  <testcase classname="qatarlivestock.testcases.CancelAppointmentTest" name="CancelAppointmentListingPage" time="79.998"/>
  <system-out/>
  <testcase classname="qatarlivestock.testcases.CancelAppointmentTest" name="AppointmentStatusVerification" time="58.458"/>
  <system-out/>
</testsuite> <!-- qatarlivestock.testcases.CancelAppointmentTest -->
