<?xml version="1.0" encoding="UTF-8"?>
<!-- Generated by org.testng.reporters.JUnitReportReporter -->
<testsuite hostname="L135LTRV" failures="0" tests="6" name="qatarlivestock.testcases1.HamburgerMenuArabicTest" time="123.830" errors="0" timestamp="2024-04-01T15:26:25 IST" skipped="0">
  <testcase classname="qatarlivestock.testcases1.HamburgerMenuArabicTest" name="HamburgerArabicVerification" time="57.886"/>
  <system-out/>
  <testcase classname="qatarlivestock.testcases1.HamburgerMenuArabicTest" name="hamburgerArabicElementsVerification" time="17.492"/>
  <system-out/>
  <testcase classname="qatarlivestock.testcases1.HamburgerMenuArabicTest" name="hamburgerArabicElementsListVerification" time="2.973"/>
  <system-out/>
  <testcase classname="qatarlivestock.testcases1.HamburgerMenuArabicTest" name="hamburgerArabicSocialIconsVerification" time="2.132"/>
  <system-out/>
  <testcase classname="qatarlivestock.testcases1.HamburgerMenuArabicTest" name="hamurgerArabicAddNomineeVerification" time="18.099"/>
  <system-out/>
  <testcase classname="qatarlivestock.testcases1.HamburgerMenuArabicTest" name="hamburgerArabicNomineeDetailsVerification" time="25.248"/>
  <system-out/>
</testsuite> <!-- qatarlivestock.testcases1.HamburgerMenuArabicTest -->
