<?xml version="1.0" encoding="UTF-8"?>
<!-- Generated by org.testng.reporters.JUnitReportReporter -->
<testsuite hostname="L135LTRV" failures="0" tests="8" name="qatarlivestock.testcases.AddNomineeTest" time="109.888" errors="0" timestamp="2024-02-12T16:16:01 IST" skipped="0">
  <testcase classname="qatarlivestock.testcases.AddNomineeTest" name="HamburgerVerification" time="13.180"/>
  <system-out/>
  <testcase classname="qatarlivestock.testcases.AddNomineeTest" name="NomineeNameEmptyValidation" time="13.335"/>
  <system-out/>
  <testcase classname="qatarlivestock.testcases.AddNomineeTest" name="NomineeNameInvalidValidation" time="6.939"/>
  <system-out/>
  <testcase classname="qatarlivestock.testcases.AddNomineeTest" name="QidNumberEmptyValidation" time="6.937"/>
  <system-out/>
  <testcase classname="qatarlivestock.testcases.AddNomineeTest" name="QidNumberInvalidValidation" time="6.294"/>
  <system-out/>
  <testcase classname="qatarlivestock.testcases.AddNomineeTest" name="MobileNumberEmptyValidation" time="6.686"/>
  <system-out/>
  <testcase classname="qatarlivestock.testcases.AddNomineeTest" name="MobileNumberInvalidValidation" time="16.318"/>
  <system-out/>
  <testcase classname="qatarlivestock.testcases.AddNomineeTest" name="hamburgeAddingNomineeVerification" time="40.199"/>
  <system-out/>
</testsuite> <!-- qatarlivestock.testcases.AddNomineeTest -->
