<?xml version="1.0" encoding="UTF-8"?>
<!-- Generated by org.testng.reporters.JUnitReportReporter -->
<testsuite hostname="L135LTRV" failures="0" tests="3" name="qatarlivestock.testcases1.HamburgerArabicContactUsTest" time="91.123" errors="0" timestamp="2024-04-01T15:17:22 IST" skipped="0">
  <testcase classname="qatarlivestock.testcases1.HamburgerArabicContactUsTest" name="HamburgerVerification" time="74.262"/>
  <system-out/>
  <testcase classname="qatarlivestock.testcases1.HamburgerArabicContactUsTest" name="hamurgerContactElementsVerification" time="10.244"/>
  <system-out/>
  <testcase classname="qatarlivestock.testcases1.HamburgerArabicContactUsTest" name="hamburgerContactUsElementsVerification" time="6.617"/>
  <system-out/>
</testsuite> <!-- qatarlivestock.testcases1.HamburgerArabicContactUsTest -->
