<?xml version="1.0" encoding="UTF-8"?>
<!-- Generated by org.testng.reporters.JUnitReportReporter -->
<testsuite hostname="L135LTRV" failures="0" tests="6" name="qatarlivestock.testcases.HamburgerMenuTest" time="209.891" errors="0" timestamp="2024-05-10T15:20:24 IST" skipped="0">
  <testcase classname="qatarlivestock.testcases.HamburgerMenuTest" name="HamburgerVerification" time="95.447"/>
  <system-out/>
  <testcase classname="qatarlivestock.testcases.HamburgerMenuTest" name="hamburgerElementsVerification" time="17.550"/>
  <system-out/>
  <testcase classname="qatarlivestock.testcases.HamburgerMenuTest" name="hamburgerElementsListVerification" time="3.908"/>
  <system-out/>
  <testcase classname="qatarlivestock.testcases.HamburgerMenuTest" name="hamburgerSocialIconsVerification" time="2.726"/>
  <system-out/>
  <testcase classname="qatarlivestock.testcases.HamburgerMenuTest" name="hamurgerAddNomineeVerification" time="19.297"/>
  <system-out/>
  <testcase classname="qatarlivestock.testcases.HamburgerMenuTest" name="hamburgerNomineeDetailsVerification" time="70.963"/>
  <system-out/>
</testsuite> <!-- qatarlivestock.testcases.HamburgerMenuTest -->
