<?xml version="1.0" encoding="UTF-8"?>
<!-- Generated by org.testng.reporters.JUnitReportReporter -->
<testsuite hostname="L135LTRV" failures="0" tests="3" name="qatarlivestock.testcases1.NotificationArabicPageTest" time="209.326" errors="0" timestamp="2024-04-03T12:58:26 IST" skipped="0">
  <testcase classname="qatarlivestock.testcases1.NotificationArabicPageTest" name="NotificationsArabicPageTest" time="81.254"/>
  <system-out/>
  <testcase classname="qatarlivestock.testcases1.NotificationArabicPageTest" name="NotificationdetailsPageTest" time="79.736"/>
  <system-out/>
  <testcase classname="qatarlivestock.testcases1.NotificationArabicPageTest" name="NotificationListPageTest" time="48.336"/>
  <system-out/>
</testsuite> <!-- qatarlivestock.testcases1.NotificationArabicPageTest -->
