<?xml version="1.0" encoding="UTF-8"?>
<!-- Generated by org.testng.reporters.JUnitReportReporter -->
<testsuite hostname="L135LTRV" failures="0" tests="4" name="qatarlivestock.testcases1.PremiseArabicHistoryTest" time="95.776" errors="0" timestamp="2024-04-03T13:00:24 IST" skipped="0">
  <testcase classname="qatarlivestock.testcases1.PremiseArabicHistoryTest" name="PremisePageTest" time="76.327"/>
  <system-out/>
  <testcase classname="qatarlivestock.testcases1.PremiseArabicHistoryTest" name="PremiseIconsverificationTest" time="1.576"/>
  <system-out/>
  <testcase classname="qatarlivestock.testcases1.PremiseArabicHistoryTest" name="PremiseHistoryIconverificationTest" time="3.578"/>
  <system-out/>
  <testcase classname="qatarlivestock.testcases1.PremiseArabicHistoryTest" name="PremiseHistoryPageTest" time="14.295"/>
  <system-out/>
</testsuite> <!-- qatarlivestock.testcases1.PremiseArabicHistoryTest -->
