<?xml version="1.0" encoding="UTF-8"?>
<!-- Generated by org.testng.reporters.JUnitReportReporter -->
<testsuite hostname="L135LTRV" failures="0" tests="4" name="qatarlivestock.testcases1.PremiseArabicRecordsTest" time="208.761" errors="0" timestamp="2024-04-03T13:06:26 IST" skipped="0">
  <testcase classname="qatarlivestock.testcases1.PremiseArabicRecordsTest" name="PremiseArabicPageTest" time="92.067"/>
  <system-out/>
  <testcase classname="qatarlivestock.testcases1.PremiseArabicRecordsTest" name="PremiseRecordsIconsverificationTest" time="1.399"/>
  <system-out/>
  <testcase classname="qatarlivestock.testcases1.PremiseArabicRecordsTest" name="PremiseRecordsPageTest" time="10.358"/>
  <system-out/>
  <testcase classname="qatarlivestock.testcases1.PremiseArabicRecordsTest" name="PremiseRecordsPageDetailsTest" time="104.937"/>
  <system-out/>
</testsuite> <!-- qatarlivestock.testcases1.PremiseArabicRecordsTest -->
