<?xml version="1.0" encoding="UTF-8"?>
<!-- Generated by org.testng.reporters.JUnitReportReporter -->
<testsuite hostname="L135LTRV" failures="0" tests="2" name="qatarlivestock.testcases1.CancelAppointmentArabicTest" time="156.458" errors="0" timestamp="2024-04-01T12:38:02 IST" skipped="0">
  <testcase classname="qatarlivestock.testcases1.CancelAppointmentArabicTest" name="CancelAppointmentListingArabicPage" time="84.735"/>
  <system-out/>
  <testcase classname="qatarlivestock.testcases1.CancelAppointmentArabicTest" name="AppointmentArabicStatusVerification" time="71.723"/>
  <system-out/>
</testsuite> <!-- qatarlivestock.testcases1.CancelAppointmentArabicTest -->
