<?xml version="1.0" encoding="UTF-8"?>
<!-- Generated by org.testng.reporters.JUnitReportReporter -->
<testsuite hostname="L135LTRV" failures="0" tests="4" name="qatarlivestock.testcases.PremiseHistoryTest" time="129.686" errors="0" timestamp="2024-03-25T16:03:23 IST" skipped="0">
  <testcase classname="qatarlivestock.testcases.PremiseHistoryTest" name="PremisePageTest" time="106.789"/>
  <system-out/>
  <testcase classname="qatarlivestock.testcases.PremiseHistoryTest" name="PremiseIconsverificationTest" time="3.455"/>
  <system-out/>
  <testcase classname="qatarlivestock.testcases.PremiseHistoryTest" name="PremiseHistoryIconverificationTest" time="4.518"/>
  <system-out/>
  <testcase classname="qatarlivestock.testcases.PremiseHistoryTest" name="PremiseHistoryPageTest" time="14.924"/>
  <system-out/>
</testsuite> <!-- qatarlivestock.testcases.PremiseHistoryTest -->
