<?xml version="1.0" encoding="UTF-8"?>
<!-- Generated by org.testng.reporters.JUnitReportReporter -->
<testsuite hostname="L135LTRV" failures="0" tests="5" name="qatarlivestock.testcases.ScheduleAppointmentTest" time="697.288" errors="0" timestamp="2024-05-20T14:59:16 IST" skipped="0">
  <testcase classname="qatarlivestock.testcases.ScheduleAppointmentTest" name="SchedulePageTest" time="85.656"/>
  <system-out/>
  <testcase classname="qatarlivestock.testcases.ScheduleAppointmentTest" name="ScheduleBreedingAppointmentTest" time="185.424"/>
  <system-out/>
  <testcase classname="qatarlivestock.testcases.ScheduleAppointmentTest" name="SchedulePestControlAppointmentTest" time="185.684"/>
  <system-out/>
  <testcase classname="qatarlivestock.testcases.ScheduleAppointmentTest" name="ScheduleVaccinationAppointmentPageTest" time="182.252"/>
  <system-out/>
  <testcase classname="qatarlivestock.testcases.ScheduleAppointmentTest" name="ScheduleFarmVisitAppointmentTest" time="58.272"/>
  <system-out/>
</testsuite> <!-- qatarlivestock.testcases.ScheduleAppointmentTest -->
