<?xml version="1.0" encoding="UTF-8"?>
<!-- Generated by org.testng.reporters.JUnitReportReporter -->
<testsuite hostname="L135LTRV" failures="0" tests="8" name="qatarlivestock.testcases1.HamburgerArabicAddNomineeTest" time="171.101" errors="0" timestamp="2024-04-01T12:44:40 IST" skipped="0">
  <testcase classname="qatarlivestock.testcases1.HamburgerArabicAddNomineeTest" name="HamburgerVerification" time="58.810"/>
  <system-out/>
  <testcase classname="qatarlivestock.testcases1.HamburgerArabicAddNomineeTest" name="NomineeNameEmptyValidation" time="22.028"/>
  <system-out/>
  <testcase classname="qatarlivestock.testcases1.HamburgerArabicAddNomineeTest" name="NomineeNameInvalidValidation" time="6.878"/>
  <system-out/>
  <testcase classname="qatarlivestock.testcases1.HamburgerArabicAddNomineeTest" name="QidNumberEmptyValidation" time="7.288"/>
  <system-out/>
  <testcase classname="qatarlivestock.testcases1.HamburgerArabicAddNomineeTest" name="QidNumberInvalidValidation" time="6.835"/>
  <system-out/>
  <testcase classname="qatarlivestock.testcases1.HamburgerArabicAddNomineeTest" name="MobileNumberEmptyValidation" time="6.914"/>
  <system-out/>
  <testcase classname="qatarlivestock.testcases1.HamburgerArabicAddNomineeTest" name="MobileNumberInvalidValidation" time="16.481"/>
  <system-out/>
  <testcase classname="qatarlivestock.testcases1.HamburgerArabicAddNomineeTest" name="hamburgeAddingNomineeVerification" time="45.867"/>
  <system-out/>
</testsuite> <!-- qatarlivestock.testcases1.HamburgerArabicAddNomineeTest -->
