<?xml version="1.0" encoding="UTF-8"?>
<!-- Generated by org.testng.reporters.JUnitReportReporter -->
<testsuite hostname="L135LTRV" failures="0" tests="1" name="qatarlivestock.testcases.SuceesfulTest" time="13.025" errors="0" timestamp="2023-11-30T16:20:33 IST" skipped="0">
  <testcase classname="qatarlivestock.testcases.SuceesfulTest" name="successfullLoginValidation" time="13.025"/>
  <system-out/>
</testsuite> <!-- qatarlivestock.testcases.SuceesfulTest -->
