<?xml version="1.0" encoding="UTF-8"?>
<!-- Generated by org.testng.reporters.JUnitReportReporter -->
<testsuite hostname="L135LTRV" failures="0" tests="1" name="qatarlivestock.testcases.pushNotificationsTest" time="27.379" errors="0" timestamp="2024-03-11T11:21:55 IST" skipped="0">
  <testcase classname="qatarlivestock.testcases.pushNotificationsTest" name="PhonenotificationTest" time="27.379"/>
  <system-out/>
</testsuite> <!-- qatarlivestock.testcases.pushNotificationsTest -->
