<?xml version="1.0" encoding="UTF-8"?>
<!-- Generated by org.testng.reporters.JUnitReportReporter -->
<testsuite hostname="L135LTRV" failures="0" tests="15" name="qatarlivestock.testcases.PremiseTest" time="423.804" errors="0" timestamp="2024-05-10T14:44:18 IST" skipped="0">
  <testcase classname="qatarlivestock.testcases.PremiseTest" name="PremisePageTest" time="136.868"/>
  <system-out/>
  <testcase classname="qatarlivestock.testcases.PremiseTest" name="PremiseNameverificationTest" time="7.958"/>
  <system-out/>
  <testcase classname="qatarlivestock.testcases.PremiseTest" name="PremiseownerInfoTest" time="6.199"/>
  <system-out/>
  <testcase classname="qatarlivestock.testcases.PremiseTest" name="PremiseownerInfoDetailsTest" time="41.133"/>
  <system-out/>
  <testcase classname="qatarlivestock.testcases.PremiseTest" name="PremiseLocationInfoTest" time="13.479"/>
  <system-out/>
  <testcase classname="qatarlivestock.testcases.PremiseTest" name="PremiseLocationInfoDetailsTest" time="30.726"/>
  <system-out/>
  <testcase classname="qatarlivestock.testcases.PremiseTest" name="PremiseInfoTest" time="6.080"/>
  <system-out/>
  <testcase classname="qatarlivestock.testcases.PremiseTest" name="PremiseInfoDetailsTest" time="46.916"/>
  <system-out/>
  <testcase classname="qatarlivestock.testcases.PremiseTest" name="PremiseCoWorkersTest" time="6.440"/>
  <system-out/>
  <testcase classname="qatarlivestock.testcases.PremiseTest" name="PremiseCoWorkersDetailsTest" time="36.363"/>
  <system-out/>
  <testcase classname="qatarlivestock.testcases.PremiseTest" name="PremiseNomineeInfoTest" time="7.450"/>
  <system-out/>
  <testcase classname="qatarlivestock.testcases.PremiseTest" name="PremiseNomineeInfoDetailsTest" time="18.848"/>
  <system-out/>
  <testcase classname="qatarlivestock.testcases.PremiseTest" name="PremiseLocationPageTest" time="15.695"/>
  <system-out/>
  <testcase classname="qatarlivestock.testcases.PremiseTest" name="PremiseWeatherPageTest" time="23.154"/>
  <system-out/>
  <testcase classname="qatarlivestock.testcases.PremiseTest" name="PremiseWeatherPageDetailsTest" time="26.495"/>
  <system-out/>
</testsuite> <!-- qatarlivestock.testcases.PremiseTest -->
