<?xml version="1.0" encoding="UTF-8"?>
<!-- Generated by org.testng.reporters.JUnitReportReporter -->
<testsuite hostname="L135LTRV" failures="0" tests="3" name="qatarlivestock.testcases.HamburgerContactUsTest" time="148.025" errors="0" timestamp="2024-05-10T15:15:18 IST" skipped="0">
  <testcase classname="qatarlivestock.testcases.HamburgerContactUsTest" name="HamburgerVerification" time="127.013"/>
  <system-out/>
  <testcase classname="qatarlivestock.testcases.HamburgerContactUsTest" name="hamurgerContactElementsVerification" time="9.240"/>
  <system-out/>
  <testcase classname="qatarlivestock.testcases.HamburgerContactUsTest" name="hamburgerContactUsElementsVerification" time="11.772"/>
  <system-out/>
</testsuite> <!-- qatarlivestock.testcases.HamburgerContactUsTest -->
